<?xml version="1.0" encoding="UTF-8"?><testrun name="BoardRepositoryTest" project="untactenglishstudy" tests="4" started="4" failures="0" errors="1" ignored="0">
  <testsuite name="com.untact.board.persistent.BoardRepositoryTest" time="0.277" displayname="BoardRepositoryTest" uniqueid="[engine:junit-vintage]/[runner:com.untact.board.persistent.BoardRepositoryTest]">
    <testcase name="titleNullSaveTest" classname="com.untact.board.persistent.BoardRepositoryTest" time="0.246" displayname="titleNullSaveTest" uniqueid="[engine:junit-vintage]/[runner:com.untact.board.persistent.BoardRepositoryTest]/[test:titleNullSaveTest(com.untact.board.persistent.BoardRepositoryTest)]">
      <error>org.springframework.transaction.UnexpectedRollbackException: Transaction silently rolled back because it has been marked as rollback-only&#13;
	at org.springframework.transaction.support.AbstractPlatformTransactionManager.processCommit(AbstractPlatformTransactionManager.java:752)&#13;
	at org.springframework.transaction.support.AbstractPlatformTransactionManager.commit(AbstractPlatformTransactionManager.java:711)&#13;
	at org.springframework.test.context.transaction.TransactionContext.endTransaction(TransactionContext.java:131)&#13;
	at org.springframework.test.context.transaction.TransactionalTestExecutionListener.afterTestMethod(TransactionalTestExecutionListener.java:230)&#13;
	at org.springframework.test.context.TestContextManager.afterTestMethod(TestContextManager.java:441)&#13;
	at org.springframework.test.context.junit4.statements.RunAfterTestMethodCallbacks.evaluate(RunAfterTestMethodCallbacks.java:94)&#13;
	at org.springframework.test.context.junit4.statements.SpringRepeat.evaluate(SpringRepeat.java:84)&#13;
	at org.junit.runners.ParentRunner.runLeaf(ParentRunner.java:366)&#13;
	at org.springframework.test.context.junit4.SpringJUnit4ClassRunner.runChild(SpringJUnit4ClassRunner.java:251)&#13;
	at org.springframework.test.context.junit4.SpringJUnit4ClassRunner.runChild(SpringJUnit4ClassRunner.java:97)&#13;
	at org.junit.runners.ParentRunner$4.run(ParentRunner.java:331)&#13;
	at org.junit.runners.ParentRunner$1.schedule(ParentRunner.java:79)&#13;
	at org.junit.runners.ParentRunner.runChildren(ParentRunner.java:329)&#13;
	at org.junit.runners.ParentRunner.access$100(ParentRunner.java:66)&#13;
	at org.junit.runners.ParentRunner$2.evaluate(ParentRunner.java:293)&#13;
	at org.springframework.test.context.junit4.statements.RunBeforeTestClassCallbacks.evaluate(RunBeforeTestClassCallbacks.java:61)&#13;
	at org.springframework.test.context.junit4.statements.RunAfterTestClassCallbacks.evaluate(RunAfterTestClassCallbacks.java:70)&#13;
	at org.junit.runners.ParentRunner$3.evaluate(ParentRunner.java:306)&#13;
	at org.junit.runners.ParentRunner.run(ParentRunner.java:413)&#13;
	at org.springframework.test.context.junit4.SpringJUnit4ClassRunner.run(SpringJUnit4ClassRunner.java:190)&#13;
	at org.junit.runner.JUnitCore.run(JUnitCore.java:137)&#13;
	at org.junit.runner.JUnitCore.run(JUnitCore.java:115)&#13;
	at org.junit.vintage.engine.execution.RunnerExecutor.execute(RunnerExecutor.java:43)&#13;
	at java.base/java.util.stream.ForEachOps$ForEachOp$OfRef.accept(ForEachOps.java:183)&#13;
	at java.base/java.util.stream.ReferencePipeline$3$1.accept(ReferencePipeline.java:195)&#13;
	at java.base/java.util.Iterator.forEachRemaining(Iterator.java:133)&#13;
	at java.base/java.util.Spliterators$IteratorSpliterator.forEachRemaining(Spliterators.java:1801)&#13;
	at java.base/java.util.stream.AbstractPipeline.copyInto(AbstractPipeline.java:484)&#13;
	at java.base/java.util.stream.AbstractPipeline.wrapAndCopyInto(AbstractPipeline.java:474)&#13;
	at java.base/java.util.stream.ForEachOps$ForEachOp.evaluateSequential(ForEachOps.java:150)&#13;
	at java.base/java.util.stream.ForEachOps$ForEachOp$OfRef.evaluateSequential(ForEachOps.java:173)&#13;
	at java.base/java.util.stream.AbstractPipeline.evaluate(AbstractPipeline.java:234)&#13;
	at java.base/java.util.stream.ReferencePipeline.forEach(ReferencePipeline.java:497)&#13;
	at org.junit.vintage.engine.VintageTestEngine.executeAllChildren(VintageTestEngine.java:82)&#13;
	at org.junit.vintage.engine.VintageTestEngine.execute(VintageTestEngine.java:73)&#13;
	at org.junit.platform.launcher.core.DefaultLauncher.execute(DefaultLauncher.java:248)&#13;
	at org.junit.platform.launcher.core.DefaultLauncher.lambda$execute$5(DefaultLauncher.java:211)&#13;
	at org.junit.platform.launcher.core.DefaultLauncher.withInterceptedStreams(DefaultLauncher.java:226)&#13;
	at org.junit.platform.launcher.core.DefaultLauncher.execute(DefaultLauncher.java:199)&#13;
	at org.junit.platform.launcher.core.DefaultLauncher.execute(DefaultLauncher.java:141)&#13;
	at org.eclipse.jdt.internal.junit5.runner.JUnit5TestReference.run(JUnit5TestReference.java:98)&#13;
	at org.eclipse.jdt.internal.junit.runner.TestExecution.run(TestExecution.java:41)&#13;
	at org.eclipse.jdt.internal.junit.runner.RemoteTestRunner.runTests(RemoteTestRunner.java:542)&#13;
	at org.eclipse.jdt.internal.junit.runner.RemoteTestRunner.runTests(RemoteTestRunner.java:770)&#13;
	at org.eclipse.jdt.internal.junit.runner.RemoteTestRunner.run(RemoteTestRunner.java:464)&#13;
	at org.eclipse.jdt.internal.junit.runner.RemoteTestRunner.main(RemoteTestRunner.java:210)&#13;
&#13;
</error>
    </testcase>
    <testcase name="getPageWithGroupNumberAndKindTest" classname="com.untact.board.persistent.BoardRepositoryTest" time="0.007" displayname="getPageWithGroupNumberAndKindTest" uniqueid="[engine:junit-vintage]/[runner:com.untact.board.persistent.BoardRepositoryTest]/[test:getPageWithGroupNumberAndKindTest(com.untact.board.persistent.BoardRepositoryTest)]"/>
    <testcase name="getPageWithGroupNumberTest" classname="com.untact.board.persistent.BoardRepositoryTest" time="0.007" displayname="getPageWithGroupNumberTest" uniqueid="[engine:junit-vintage]/[runner:com.untact.board.persistent.BoardRepositoryTest]/[test:getPageWithGroupNumberTest(com.untact.board.persistent.BoardRepositoryTest)]"/>
    <testcase name="successSaveTest" classname="com.untact.board.persistent.BoardRepositoryTest" time="0.016" displayname="successSaveTest" uniqueid="[engine:junit-vintage]/[runner:com.untact.board.persistent.BoardRepositoryTest]/[test:successSaveTest(com.untact.board.persistent.BoardRepositoryTest)]"/>
  </testsuite>
</testrun>
